<?xml version="1.0" encoding="utf-8"?><testsuites name="pytest tests"><testsuite name="pytest" errors="0" failures="0" skipped="0" tests="5" time="14.643" timestamp="2026-06-05T20:38:28.331078+00:00" hostname="agent-env-56f38517-a6dd-40e4-859f-2a7081037cb0"><testcase classname="backend.tests.test_edubot.TestEduBot" name="test_root_health" time="0.252" /><testcase classname="backend.tests.test_edubot.TestEduBot" name="test_edubot_success" time="5.421" /><testcase classname="backend.tests.test_edubot.TestEduBot" name="test_edubot_empty_message_returns_400" time="0.203" /><testcase classname="backend.tests.test_edubot.TestEduBot" name="test_edubot_missing_field_returns_422" time="0.158" /><testcase classname="backend.tests.test_edubot.TestEduBot" name="test_edubot_session_continuity" time="8.472" /></testsuite></testsuites>